<?xml version="1.0" encoding="UTF-8"?>
<!-- Generated by org.testng.reporters.JUnitReportReporter -->
<testsuite skipped="0" hostname="Wail" name="com.qa.hubspot.tests.LoginPageTest" tests="6" failures="0" timestamp="21 Apr 2020 21:55:21 GMT" time="174.180" errors="0">
  <testcase name="verifyLoginPageTitleTest" time="21.272" classname="com.qa.hubspot.tests.LoginPageTest"/>
  <testcase name="verifyLoginPageTitleTest" time="12.682" classname="com.qa.hubspot.tests.LoginPageTest"/>
  <testcase name="verifySignUpLinkTest" time="12.270" classname="com.qa.hubspot.tests.LoginPageTest"/>
  <testcase name="verifySignUpLinkTest" time="42.592" classname="com.qa.hubspot.tests.LoginPageTest"/>
  <testcase name="loginTest" time="71.151" classname="com.qa.hubspot.tests.LoginPageTest"/>
  <testcase name="loginTest" time="14.213" classname="com.qa.hubspot.tests.LoginPageTest"/>
</testsuite> <!-- com.qa.hubspot.tests.LoginPageTest -->
