<?xml version="1.0" encoding="UTF-8"?>
<!-- Generated by org.testng.reporters.JUnitReportReporter -->
<testsuite skipped="0" hostname="Wail" name="com.qa.hubspot.tests.LoginPageTest" tests="3" failures="0" timestamp="14 Apr 2020 05:46:20 GMT" time="7.478" errors="0">
  <testcase name="verifyLoginPageTitleTest" time="6.479" classname="com.qa.hubspot.tests.LoginPageTest"/>
  <testcase name="verifySignUpLinkTest" time="0.179" classname="com.qa.hubspot.tests.LoginPageTest"/>
  <testcase name="loginTest" time="0.820" classname="com.qa.hubspot.tests.LoginPageTest"/>
</testsuite> <!-- com.qa.hubspot.tests.LoginPageTest -->
