<?xml version="1.0" encoding="UTF-8"?>
<!-- Generated by org.testng.reporters.JUnitReportReporter -->
<testsuite skipped="0" hostname="Wail" name="com.qa.hubspot.tests.LoginPageTest" tests="6" failures="0" timestamp="17 Apr 2020 06:46:55 GMT" time="107.110" errors="0">
  <testcase name="verifyLoginPageTitleTest" time="24.502" classname="com.qa.hubspot.tests.LoginPageTest"/>
  <testcase name="verifyLoginPageTitleTest" time="15.108" classname="com.qa.hubspot.tests.LoginPageTest"/>
  <testcase name="verifySignUpLinkTest" time="11.285" classname="com.qa.hubspot.tests.LoginPageTest"/>
  <testcase name="verifySignUpLinkTest" time="23.620" classname="com.qa.hubspot.tests.LoginPageTest"/>
  <testcase name="loginTest" time="12.603" classname="com.qa.hubspot.tests.LoginPageTest"/>
  <testcase name="loginTest" time="19.992" classname="com.qa.hubspot.tests.LoginPageTest"/>
</testsuite> <!-- com.qa.hubspot.tests.LoginPageTest -->
