<?xml version="1.0" encoding="UTF-8"?>
<!-- Generated by org.testng.reporters.JUnitReportReporter -->
<testsuite skipped="0" hostname="Wail" name="com.qa.hubspot.tests.HomePageTest" tests="3" failures="0" timestamp="16 Apr 2020 20:59:00 GMT" time="0.312" errors="0">
  <testcase name="verifyHomePageTitleTest" time="0.021" classname="com.qa.hubspot.tests.HomePageTest"/>
  <testcase name="verifyHomePageHeaderTest" time="0.169" classname="com.qa.hubspot.tests.HomePageTest"/>
  <testcase name="verifyUserAccountName" time="0.122" classname="com.qa.hubspot.tests.HomePageTest"/>
</testsuite> <!-- com.qa.hubspot.tests.HomePageTest -->
