<?xml version="1.0" encoding="UTF-8"?>
<!-- Generated by org.testng.reporters.JUnitReportReporter -->
<testsuite skipped="0" hostname="Wail" name="com.qa.hubspot.tests.HomePageTest" tests="3" failures="0" timestamp="14 Apr 2020 05:46:20 GMT" time="0.360" errors="0">
  <testcase name="verifyHomePageTitleTest" time="0.025" classname="com.qa.hubspot.tests.HomePageTest"/>
  <testcase name="verifyHomePageHeaderTest" time="0.262" classname="com.qa.hubspot.tests.HomePageTest"/>
  <testcase name="verifyUserAccountName" time="0.073" classname="com.qa.hubspot.tests.HomePageTest"/>
</testsuite> <!-- com.qa.hubspot.tests.HomePageTest -->
