<?xml version="1.0" encoding="UTF-8"?>
<!-- Generated by org.testng.reporters.JUnitReportReporter -->
<testsuite skipped="0" hostname="Wail" name="com.qa.hubspot.tests.LoginPageTest" tests="6" failures="0" timestamp="20 Apr 2020 17:51:32 GMT" time="191.522" errors="0">
  <testcase name="verifyLoginPageTitleTest" time="26.499" classname="com.qa.hubspot.tests.LoginPageTest"/>
  <testcase name="verifyLoginPageTitleTest" time="71.597" classname="com.qa.hubspot.tests.LoginPageTest"/>
  <testcase name="verifySignUpLinkTest" time="10.338" classname="com.qa.hubspot.tests.LoginPageTest"/>
  <testcase name="verifySignUpLinkTest" time="18.597" classname="com.qa.hubspot.tests.LoginPageTest"/>
  <testcase name="loginTest" time="25.339" classname="com.qa.hubspot.tests.LoginPageTest"/>
  <testcase name="loginTest" time="39.152" classname="com.qa.hubspot.tests.LoginPageTest"/>
</testsuite> <!-- com.qa.hubspot.tests.LoginPageTest -->
