<?xml version="1.0" encoding="UTF-8"?>
<!-- Generated by org.testng.reporters.JUnitReportReporter -->
<testsuite skipped="0" hostname="Wail" name="com.qa.hubspot.tests.HomePageTest" tests="3" failures="0" timestamp="15 Apr 2020 19:51:44 GMT" time="0.418" errors="0">
  <testcase name="verifyHomePageTitleTest" time="0.035" classname="com.qa.hubspot.tests.HomePageTest"/>
  <testcase name="verifyHomePageHeaderTest" time="0.156" classname="com.qa.hubspot.tests.HomePageTest"/>
  <testcase name="verifyUserAccountName" time="0.227" classname="com.qa.hubspot.tests.HomePageTest"/>
</testsuite> <!-- com.qa.hubspot.tests.HomePageTest -->
