<?xml version="1.0" encoding="UTF-8"?>
<!-- Generated by org.testng.reporters.JUnitReportReporter -->
<testsuite skipped="0" hostname="Wail" name="com.qa.hubspot.tests.LoginPageTest" tests="3" failures="0" timestamp="15 Apr 2020 19:51:44 GMT" time="7.690" errors="0">
  <testcase name="verifyLoginPageTitleTest" time="6.199" classname="com.qa.hubspot.tests.LoginPageTest"/>
  <testcase name="verifySignUpLinkTest" time="0.198" classname="com.qa.hubspot.tests.LoginPageTest"/>
  <testcase name="loginTest" time="1.293" classname="com.qa.hubspot.tests.LoginPageTest"/>
</testsuite> <!-- com.qa.hubspot.tests.LoginPageTest -->
